<?xml version="1.0" encoding="UTF-8"?>
<testsuite name="com.learnreactiveprogramming.service.FluxAndMonoGeneratorServiceTest" tests="1" skipped="0" failures="0" errors="0" timestamp="2022-12-28T02:23:19" hostname="bjit-B360M-AORUS-Gaming-3" time="27.034">
  <properties/>
  <testcase name="nameFluxConcatMap()" classname="com.learnreactiveprogramming.service.FluxAndMonoGeneratorServiceTest" time="27.034"/>
  <system-out><![CDATA[08:23:19.705 [Test worker] DEBUG reactor.util.Loggers$LoggerFactory - Using Slf4j logging framework
08:23:19.723 [Test worker] INFO reactor.Flux.ConcatMap.1 - onSubscribe(FluxConcatMap.ConcatMapImmediate)
08:23:19.726 [Test worker] INFO reactor.Flux.ConcatMap.1 - request(unbounded)
08:23:20.356 [parallel-1] INFO reactor.Flux.ConcatMap.1 - onNext(R)
08:23:20.763 [parallel-2] INFO reactor.Flux.ConcatMap.1 - onNext(a)
08:23:21.169 [parallel-3] INFO reactor.Flux.ConcatMap.1 - onNext(b)
08:23:21.576 [parallel-4] INFO reactor.Flux.ConcatMap.1 - onNext(b)
08:23:21.982 [parallel-5] INFO reactor.Flux.ConcatMap.1 - onNext(i)
08:23:23.107 [parallel-6] INFO reactor.Flux.ConcatMap.1 - onNext(M)
08:23:24.231 [parallel-7] INFO reactor.Flux.ConcatMap.1 - onNext(o)
08:23:25.356 [parallel-8] INFO reactor.Flux.ConcatMap.1 - onNext(s)
08:23:26.480 [parallel-1] INFO reactor.Flux.ConcatMap.1 - onNext(f)
08:23:27.605 [parallel-2] INFO reactor.Flux.ConcatMap.1 - onNext(i)
08:23:28.729 [parallel-3] INFO reactor.Flux.ConcatMap.1 - onNext(k)
08:23:29.851 [parallel-4] INFO reactor.Flux.ConcatMap.1 - onNext(T)
08:23:30.974 [parallel-5] INFO reactor.Flux.ConcatMap.1 - onNext(a)
08:23:32.096 [parallel-6] INFO reactor.Flux.ConcatMap.1 - onNext(h)
08:23:33.218 [parallel-7] INFO reactor.Flux.ConcatMap.1 - onNext(i)
08:23:34.341 [parallel-8] INFO reactor.Flux.ConcatMap.1 - onNext(y)
08:23:35.463 [parallel-1] INFO reactor.Flux.ConcatMap.1 - onNext(a)
08:23:36.586 [parallel-2] INFO reactor.Flux.ConcatMap.1 - onNext(t)
08:23:38.268 [parallel-3] INFO reactor.Flux.ConcatMap.1 - onNext(Z)
08:23:39.951 [parallel-4] INFO reactor.Flux.ConcatMap.1 - onNext(a)
08:23:41.633 [parallel-5] INFO reactor.Flux.ConcatMap.1 - onNext(r)
08:23:43.315 [parallel-6] INFO reactor.Flux.ConcatMap.1 - onNext(e)
08:23:44.998 [parallel-7] INFO reactor.Flux.ConcatMap.1 - onNext(e)
08:23:46.680 [parallel-8] INFO reactor.Flux.ConcatMap.1 - onNext(n)
08:23:46.681 [parallel-8] INFO reactor.Flux.ConcatMap.1 - onComplete()
]]></system-out>
  <system-err><![CDATA[]]></system-err>
</testsuite>
