<?xml version="1.0" encoding="UTF-8"?>
<testsuite name="com.learnreactiveprogramming.service.FluxAndMonoGeneratorServiceTest" tests="14" skipped="0" failures="0" errors="0" timestamp="2023-02-06T04:48:46" hostname="bjit-B360M-AORUS-Gaming-3" time="33.29">
  <properties/>
  <testcase name="nameFluxUpper()" classname="com.learnreactiveprogramming.service.FluxAndMonoGeneratorServiceTest" time="0.161"/>
  <testcase name="nameFluxFilter()" classname="com.learnreactiveprogramming.service.FluxAndMonoGeneratorServiceTest" time="0.004"/>
  <testcase name="nameMonoFlatMapMany()" classname="com.learnreactiveprogramming.service.FluxAndMonoGeneratorServiceTest" time="0.017"/>
  <testcase name="nameFluxTransformSwitchIfEmpty()" classname="com.learnreactiveprogramming.service.FluxAndMonoGeneratorServiceTest" time="0.003"/>
  <testcase name="nameFluxImmutability()" classname="com.learnreactiveprogramming.service.FluxAndMonoGeneratorServiceTest" time="0.001"/>
  <testcase name="nameFluxConcatMap()" classname="com.learnreactiveprogramming.service.FluxAndMonoGeneratorServiceTest" time="23.412"/>
  <testcase name="exploreFluxConcat()" classname="com.learnreactiveprogramming.service.FluxAndMonoGeneratorServiceTest" time="0.001"/>
  <testcase name="nameFluxFlatMap()" classname="com.learnreactiveprogramming.service.FluxAndMonoGeneratorServiceTest" time="0.004"/>
  <testcase name="nameFluxTransform()" classname="com.learnreactiveprogramming.service.FluxAndMonoGeneratorServiceTest" time="0.002"/>
  <testcase name="exploreConcatWithMono()" classname="com.learnreactiveprogramming.service.FluxAndMonoGeneratorServiceTest" time="0.001"/>
  <testcase name="nameFluxFlatMapAsync()" classname="com.learnreactiveprogramming.service.FluxAndMonoGeneratorServiceTest" time="9.675"/>
  <testcase name="nameFluxTransformDefaultEmpty()" classname="com.learnreactiveprogramming.service.FluxAndMonoGeneratorServiceTest" time="0.002"/>
  <testcase name="nameFlux()" classname="com.learnreactiveprogramming.service.FluxAndMonoGeneratorServiceTest" time="0.001"/>
  <testcase name="nameMonoFlatMap()" classname="com.learnreactiveprogramming.service.FluxAndMonoGeneratorServiceTest" time="0.002"/>
  <system-out><![CDATA[10:48:47.044 [Test worker] DEBUG reactor.util.Loggers$LoggerFactory - Using Slf4j logging framework
10:48:47.060 [Test worker] INFO reactor.Flux.MapFuseable.1 - | onSubscribe([Fuseable] FluxMapFuseable.MapFuseableSubscriber)
10:48:47.062 [Test worker] INFO reactor.Flux.MapFuseable.1 - | request(unbounded)
10:48:47.062 [Test worker] INFO reactor.Flux.MapFuseable.1 - | onNext(ARKA)
10:48:47.063 [Test worker] INFO reactor.Flux.MapFuseable.1 - | onNext(RABBI)
10:48:47.063 [Test worker] INFO reactor.Flux.MapFuseable.1 - | onNext(MOSFIK)
10:48:47.063 [Test worker] INFO reactor.Flux.MapFuseable.1 - | onNext(TAHIYAT)
10:48:47.063 [Test worker] INFO reactor.Flux.MapFuseable.1 - | onNext(ZAREEN)
10:48:47.063 [Test worker] INFO reactor.Flux.MapFuseable.1 - | onComplete()
10:48:47.069 [Test worker] INFO reactor.Flux.FilterFuseable.2 - | onSubscribe([Fuseable] FluxFilterFuseable.FilterFuseableSubscriber)
10:48:47.069 [Test worker] INFO reactor.Flux.FilterFuseable.2 - | request(unbounded)
10:48:47.069 [Test worker] INFO reactor.Flux.FilterFuseable.2 - | onNext(Rabbi)
10:48:47.070 [Test worker] INFO reactor.Flux.FilterFuseable.2 - | onNext(Mosfik)
10:48:47.070 [Test worker] INFO reactor.Flux.FilterFuseable.2 - | onNext(Tahiyat)
10:48:47.070 [Test worker] INFO reactor.Flux.FilterFuseable.2 - | onNext(Zareen)
10:48:47.070 [Test worker] INFO reactor.Flux.FilterFuseable.2 - | onComplete()
10:48:47.087 [Test worker] INFO reactor.Flux.MonoFlatMapMany.3 - onSubscribe(MonoFlatMapMany.FlatMapManyMain)
10:48:47.087 [Test worker] INFO reactor.Flux.MonoFlatMapMany.3 - request(unbounded)
10:48:47.088 [Test worker] INFO reactor.Flux.MonoFlatMapMany.3 - onNext(A)
10:48:47.088 [Test worker] INFO reactor.Flux.MonoFlatMapMany.3 - onNext(R)
10:48:47.088 [Test worker] INFO reactor.Flux.MonoFlatMapMany.3 - onNext(K)
10:48:47.088 [Test worker] INFO reactor.Flux.MonoFlatMapMany.3 - onNext(A)
10:48:47.088 [Test worker] INFO reactor.Flux.MonoFlatMapMany.3 - onComplete()
10:48:47.091 [Test worker] INFO reactor.Flux.SwitchIfEmpty.4 - onSubscribe(FluxSwitchIfEmpty.SwitchIfEmptySubscriber)
10:48:47.091 [Test worker] INFO reactor.Flux.SwitchIfEmpty.4 - request(unbounded)
10:48:47.092 [Test worker] INFO reactor.Flux.SwitchIfEmpty.4 - onNext(default)
10:48:47.092 [Test worker] INFO reactor.Flux.SwitchIfEmpty.4 - onComplete()
10:48:47.099 [Test worker] INFO reactor.Flux.ConcatMap.5 - onSubscribe(FluxConcatMap.ConcatMapImmediate)
10:48:47.099 [Test worker] INFO reactor.Flux.ConcatMap.5 - request(unbounded)
10:48:48.143 [parallel-1] INFO reactor.Flux.ConcatMap.5 - onNext(R)
10:48:49.179 [parallel-2] INFO reactor.Flux.ConcatMap.5 - onNext(a)
10:48:50.214 [parallel-3] INFO reactor.Flux.ConcatMap.5 - onNext(b)
10:48:51.250 [parallel-4] INFO reactor.Flux.ConcatMap.5 - onNext(b)
10:48:52.285 [parallel-5] INFO reactor.Flux.ConcatMap.5 - onNext(i)
10:48:53.061 [parallel-6] INFO reactor.Flux.ConcatMap.5 - onNext(M)
10:48:53.838 [parallel-7] INFO reactor.Flux.ConcatMap.5 - onNext(o)
10:48:54.614 [parallel-8] INFO reactor.Flux.ConcatMap.5 - onNext(s)
10:48:55.391 [parallel-1] INFO reactor.Flux.ConcatMap.5 - onNext(f)
10:48:56.167 [parallel-2] INFO reactor.Flux.ConcatMap.5 - onNext(i)
10:48:56.943 [parallel-3] INFO reactor.Flux.ConcatMap.5 - onNext(k)
10:48:58.615 [parallel-4] INFO reactor.Flux.ConcatMap.5 - onNext(T)
10:49:00.286 [parallel-5] INFO reactor.Flux.ConcatMap.5 - onNext(a)
10:49:01.958 [parallel-6] INFO reactor.Flux.ConcatMap.5 - onNext(h)
10:49:03.629 [parallel-7] INFO reactor.Flux.ConcatMap.5 - onNext(i)
10:49:05.300 [parallel-8] INFO reactor.Flux.ConcatMap.5 - onNext(y)
10:49:06.972 [parallel-1] INFO reactor.Flux.ConcatMap.5 - onNext(a)
10:49:08.643 [parallel-2] INFO reactor.Flux.ConcatMap.5 - onNext(t)
10:49:08.954 [parallel-3] INFO reactor.Flux.ConcatMap.5 - onNext(Z)
10:49:09.264 [parallel-4] INFO reactor.Flux.ConcatMap.5 - onNext(a)
10:49:09.574 [parallel-5] INFO reactor.Flux.ConcatMap.5 - onNext(r)
10:49:09.885 [parallel-6] INFO reactor.Flux.ConcatMap.5 - onNext(e)
10:49:10.195 [parallel-7] INFO reactor.Flux.ConcatMap.5 - onNext(e)
10:49:10.506 [parallel-8] INFO reactor.Flux.ConcatMap.5 - onNext(n)
10:49:10.506 [parallel-8] INFO reactor.Flux.ConcatMap.5 - onComplete()
10:49:10.508 [Test worker] INFO reactor.Flux.ConcatArray.6 - onSubscribe(FluxConcatArray.ConcatArraySubscriber)
10:49:10.508 [Test worker] INFO reactor.Flux.ConcatArray.6 - request(unbounded)
10:49:10.508 [Test worker] INFO reactor.Flux.ConcatArray.6 - onNext(Arka)
10:49:10.508 [Test worker] INFO reactor.Flux.ConcatArray.6 - onNext(Bhuiyan)
10:49:10.508 [Test worker] INFO reactor.Flux.ConcatArray.6 - onComplete()
10:49:10.510 [Test worker] INFO reactor.Flux.FlatMap.7 - onSubscribe(FluxFlatMap.FlatMapMain)
10:49:10.511 [Test worker] INFO reactor.Flux.FlatMap.7 - request(unbounded)
10:49:10.511 [Test worker] INFO reactor.Flux.FlatMap.7 - onNext(R)
10:49:10.511 [Test worker] INFO reactor.Flux.FlatMap.7 - onNext(a)
10:49:10.511 [Test worker] INFO reactor.Flux.FlatMap.7 - onNext(b)
10:49:10.511 [Test worker] INFO reactor.Flux.FlatMap.7 - onNext(b)
10:49:10.511 [Test worker] INFO reactor.Flux.FlatMap.7 - onNext(i)
10:49:10.511 [Test worker] INFO reactor.Flux.FlatMap.7 - onNext(M)
10:49:10.511 [Test worker] INFO reactor.Flux.FlatMap.7 - onNext(o)
10:49:10.511 [Test worker] INFO reactor.Flux.FlatMap.7 - onNext(s)
10:49:10.511 [Test worker] INFO reactor.Flux.FlatMap.7 - onNext(f)
10:49:10.511 [Test worker] INFO reactor.Flux.FlatMap.7 - onNext(i)
10:49:10.511 [Test worker] INFO reactor.Flux.FlatMap.7 - onNext(k)
10:49:10.511 [Test worker] INFO reactor.Flux.FlatMap.7 - onNext(T)
10:49:10.511 [Test worker] INFO reactor.Flux.FlatMap.7 - onNext(a)
10:49:10.512 [Test worker] INFO reactor.Flux.FlatMap.7 - onNext(h)
10:49:10.512 [Test worker] INFO reactor.Flux.FlatMap.7 - onNext(i)
10:49:10.512 [Test worker] INFO reactor.Flux.FlatMap.7 - onNext(y)
10:49:10.512 [Test worker] INFO reactor.Flux.FlatMap.7 - onNext(a)
10:49:10.512 [Test worker] INFO reactor.Flux.FlatMap.7 - onNext(t)
10:49:10.512 [Test worker] INFO reactor.Flux.FlatMap.7 - onNext(Z)
10:49:10.512 [Test worker] INFO reactor.Flux.FlatMap.7 - onNext(a)
10:49:10.512 [Test worker] INFO reactor.Flux.FlatMap.7 - onNext(r)
10:49:10.512 [Test worker] INFO reactor.Flux.FlatMap.7 - onNext(e)
10:49:10.512 [Test worker] INFO reactor.Flux.FlatMap.7 - onNext(e)
10:49:10.512 [Test worker] INFO reactor.Flux.FlatMap.7 - onNext(n)
10:49:10.512 [Test worker] INFO reactor.Flux.FlatMap.7 - onComplete()
10:49:10.514 [Test worker] INFO reactor.Flux.FilterFuseable.8 - | onSubscribe([Fuseable] FluxFilterFuseable.FilterFuseableSubscriber)
10:49:10.514 [Test worker] INFO reactor.Flux.FilterFuseable.8 - | request(unbounded)
10:49:10.514 [Test worker] INFO reactor.Flux.FilterFuseable.8 - | onNext(RABBI)
10:49:10.514 [Test worker] INFO reactor.Flux.FilterFuseable.8 - | onNext(MOSFIK)
10:49:10.514 [Test worker] INFO reactor.Flux.FilterFuseable.8 - | onNext(TAHIYAT)
10:49:10.514 [Test worker] INFO reactor.Flux.FilterFuseable.8 - | onNext(ZAREEN)
10:49:10.514 [Test worker] INFO reactor.Flux.FilterFuseable.8 - | onComplete()
10:49:10.515 [Test worker] INFO reactor.Flux.ConcatArray.9 - onSubscribe(FluxConcatArray.ConcatArraySubscriber)
10:49:10.515 [Test worker] INFO reactor.Flux.ConcatArray.9 - request(unbounded)
10:49:10.515 [Test worker] INFO reactor.Flux.ConcatArray.9 - onNext(Arka)
10:49:10.515 [Test worker] INFO reactor.Flux.ConcatArray.9 - onNext(Bhuiyan)
10:49:10.515 [Test worker] INFO reactor.Flux.ConcatArray.9 - onComplete()
10:49:10.517 [Test worker] INFO reactor.Flux.FlatMap.10 - onSubscribe(FluxFlatMap.FlatMapMain)
10:49:10.517 [Test worker] INFO reactor.Flux.FlatMap.10 - request(unbounded)
10:49:10.988 [parallel-2] INFO reactor.Flux.FlatMap.10 - onNext(M)
10:49:11.189 [parallel-4] INFO reactor.Flux.FlatMap.10 - onNext(Z)
10:49:11.460 [parallel-5] INFO reactor.Flux.FlatMap.10 - onNext(o)
10:49:11.662 [parallel-3] INFO reactor.Flux.FlatMap.10 - onNext(T)
10:49:11.862 [parallel-6] INFO reactor.Flux.FlatMap.10 - onNext(a)
10:49:11.931 [parallel-7] INFO reactor.Flux.FlatMap.10 - onNext(s)
10:49:12.402 [parallel-2] INFO reactor.Flux.FlatMap.10 - onNext(f)
10:49:12.451 [parallel-1] INFO reactor.Flux.FlatMap.10 - onNext(R)
10:49:12.534 [parallel-1] INFO reactor.Flux.FlatMap.10 - onNext(r)
10:49:12.808 [parallel-8] INFO reactor.Flux.FlatMap.10 - onNext(a)
10:49:12.874 [parallel-3] INFO reactor.Flux.FlatMap.10 - onNext(i)
10:49:13.207 [parallel-5] INFO reactor.Flux.FlatMap.10 - onNext(e)
10:49:13.345 [parallel-7] INFO reactor.Flux.FlatMap.10 - onNext(k)
10:49:13.879 [parallel-8] INFO reactor.Flux.FlatMap.10 - onNext(e)
10:49:13.953 [parallel-6] INFO reactor.Flux.FlatMap.10 - onNext(h)
10:49:14.386 [parallel-4] INFO reactor.Flux.FlatMap.10 - onNext(a)
10:49:14.552 [parallel-1] INFO reactor.Flux.FlatMap.10 - onNext(n)
10:49:15.098 [parallel-2] INFO reactor.Flux.FlatMap.10 - onNext(i)
10:49:16.244 [parallel-4] INFO reactor.Flux.FlatMap.10 - onNext(y)
10:49:16.321 [parallel-3] INFO reactor.Flux.FlatMap.10 - onNext(b)
10:49:17.389 [parallel-5] INFO reactor.Flux.FlatMap.10 - onNext(a)
10:49:18.255 [parallel-6] INFO reactor.Flux.FlatMap.10 - onNext(b)
10:49:18.535 [parallel-7] INFO reactor.Flux.FlatMap.10 - onNext(t)
10:49:20.190 [parallel-8] INFO reactor.Flux.FlatMap.10 - onNext(i)
10:49:20.190 [parallel-8] INFO reactor.Flux.FlatMap.10 - onComplete()
10:49:20.192 [Test worker] INFO reactor.Flux.DefaultIfEmpty.11 - onSubscribe([Fuseable] FluxDefaultIfEmpty.DefaultIfEmptySubscriber)
10:49:20.192 [Test worker] INFO reactor.Flux.DefaultIfEmpty.11 - request(unbounded)
10:49:20.192 [Test worker] INFO reactor.Flux.DefaultIfEmpty.11 - onNext(default)
10:49:20.192 [Test worker] INFO reactor.Flux.DefaultIfEmpty.11 - onComplete()
10:49:20.193 [Test worker] INFO reactor.Flux.Iterable.12 - | onSubscribe([Synchronous Fuseable] FluxIterable.IterableSubscription)
10:49:20.193 [Test worker] INFO reactor.Flux.Iterable.12 - | request(unbounded)
10:49:20.193 [Test worker] INFO reactor.Flux.Iterable.12 - | onNext(Arka)
10:49:20.193 [Test worker] INFO reactor.Flux.Iterable.12 - | onNext(Rabbi)
10:49:20.193 [Test worker] INFO reactor.Flux.Iterable.12 - | onNext(Mosfik)
10:49:20.193 [Test worker] INFO reactor.Flux.Iterable.12 - | onNext(Tahiyat)
10:49:20.193 [Test worker] INFO reactor.Flux.Iterable.12 - | onNext(Zareen)
10:49:20.193 [Test worker] INFO reactor.Flux.Iterable.12 - | onComplete()
10:49:20.195 [Test worker] INFO reactor.Mono.FlatMap.13 - | onSubscribe([Fuseable] MonoFlatMap.FlatMapMain)
10:49:20.195 [Test worker] INFO reactor.Mono.FlatMap.13 - | request(unbounded)
10:49:20.195 [Test worker] INFO reactor.Mono.FlatMap.13 - | onNext([A, R, K, A, B, H, U, I, Y, A, N])
10:49:20.195 [Test worker] INFO reactor.Mono.FlatMap.13 - | onComplete()
]]></system-out>
  <system-err><![CDATA[]]></system-err>
</testsuite>
