<?xml version="1.0" encoding="UTF-8"?>
<testsuite name="com.learnreactiveprogramming.service.FluxAndMonoGeneratorServiceTest" tests="1" skipped="0" failures="0" errors="0" timestamp="2022-12-27T08:14:34" hostname="bjit-B360M-AORUS-Gaming-3" time="6.711">
  <properties/>
  <testcase name="nameFluxFlatMapAsync()" classname="com.learnreactiveprogramming.service.FluxAndMonoGeneratorServiceTest" time="6.711"/>
  <system-out><![CDATA[14:14:34.613 [Test worker] DEBUG reactor.util.Loggers$LoggerFactory - Using Slf4j logging framework
14:14:34.627 [Test worker] INFO reactor.Flux.FlatMap.1 - onSubscribe(FluxFlatMap.FlatMapMain)
14:14:34.629 [Test worker] INFO reactor.Flux.FlatMap.1 - request(unbounded)
14:14:35.090 [parallel-4] INFO reactor.Flux.FlatMap.1 - onNext(Z)
14:14:35.465 [parallel-3] INFO reactor.Flux.FlatMap.1 - onNext(T)
14:14:35.531 [parallel-5] INFO reactor.Flux.FlatMap.1 - onNext(a)
14:14:35.670 [parallel-2] INFO reactor.Flux.FlatMap.1 - onNext(M)
14:14:35.966 [parallel-1] INFO reactor.Flux.FlatMap.1 - onNext(R)
14:14:35.972 [parallel-7] INFO reactor.Flux.FlatMap.1 - onNext(r)
14:14:36.282 [parallel-6] INFO reactor.Flux.FlatMap.1 - onNext(a)
14:14:36.414 [parallel-2] INFO reactor.Flux.FlatMap.1 - onNext(e)
14:14:36.692 [parallel-8] INFO reactor.Flux.FlatMap.1 - onNext(o)
14:14:36.855 [parallel-4] INFO reactor.Flux.FlatMap.1 - onNext(e)
14:14:37.100 [parallel-3] INFO reactor.Flux.FlatMap.1 - onNext(h)
14:14:37.286 [parallel-1] INFO reactor.Flux.FlatMap.1 - onNext(a)
14:14:37.296 [parallel-6] INFO reactor.Flux.FlatMap.1 - onNext(n)
14:14:37.714 [parallel-5] INFO reactor.Flux.FlatMap.1 - onNext(s)
14:14:37.917 [parallel-7] INFO reactor.Flux.FlatMap.1 - onNext(i)
14:14:38.605 [parallel-8] INFO reactor.Flux.FlatMap.1 - onNext(b)
14:14:38.734 [parallel-2] INFO reactor.Flux.FlatMap.1 - onNext(y)
14:14:38.737 [parallel-1] INFO reactor.Flux.FlatMap.1 - onNext(f)
14:14:39.552 [parallel-4] INFO reactor.Flux.FlatMap.1 - onNext(a)
14:14:39.759 [parallel-5] INFO reactor.Flux.FlatMap.1 - onNext(i)
14:14:39.924 [parallel-3] INFO reactor.Flux.FlatMap.1 - onNext(b)
14:14:40.369 [parallel-6] INFO reactor.Flux.FlatMap.1 - onNext(t)
14:14:40.782 [parallel-7] INFO reactor.Flux.FlatMap.1 - onNext(k)
14:14:41.244 [parallel-8] INFO reactor.Flux.FlatMap.1 - onNext(i)
14:14:41.244 [parallel-8] INFO reactor.Flux.FlatMap.1 - onComplete()
]]></system-out>
  <system-err><![CDATA[]]></system-err>
</testsuite>
