<?xml version="1.0" encoding="UTF-8"?>
<testsuite name="com.learnreactiveprogramming.service.FluxAndMonoGeneratorServiceTest" tests="1" skipped="0" failures="0" errors="0" timestamp="2022-12-28T03:10:23" hostname="bjit-B360M-AORUS-Gaming-3" time="0.113">
  <properties/>
  <testcase name="nameMonoFlatMap()" classname="com.learnreactiveprogramming.service.FluxAndMonoGeneratorServiceTest" time="0.113"/>
  <system-out><![CDATA[09:10:23.609 [Test worker] DEBUG reactor.util.Loggers$LoggerFactory - Using Slf4j logging framework
]]></system-out>
  <system-err><![CDATA[]]></system-err>
</testsuite>
